<?xml version="1.0" encoding="UTF-8"?>
<testng-results ignored="0" total="1" passed="1" failed="0" skipped="0">
  <reporter-output>
  </reporter-output>
  <suite started-at="2021-11-26T19:28:26 EST" name="Surefire suite" finished-at="2021-11-26T19:28:37 EST" duration-ms="10509">
    <groups>
      <group name="cucumber">
        <method signature="AbstractTestNGCucumberTests.feature(cucumber.api.testng.CucumberFeatureWrapper)[pri:0, instance:com.fresh.TestRunner.TestRunnerFresh@443118b0]" name="feature" class="cucumber.api.testng.AbstractTestNGCucumberTests"/>
      </group> <!-- cucumber -->
    </groups>
    <test started-at="2021-11-26T19:28:26 EST" name="Surefire test" finished-at="2021-11-26T19:28:37 EST" duration-ms="10509">
      <class name="com.fresh.TestRunner.TestRunnerFresh">
        <test-method is-config="true" signature="LaunchApplicationURL()[pri:0, instance:com.fresh.TestRunner.TestRunnerFresh@443118b0]" started-at="2021-11-26T19:28:26 EST" name="LaunchApplicationURL" finished-at="2021-11-26T19:28:31 EST" duration-ms="4269" status="PASS">
          <reporter-output>
          </reporter-output>
        </test-method> <!-- LaunchApplicationURL -->
        <test-method is-config="true" signature="setUpClass()[pri:0, instance:com.fresh.TestRunner.TestRunnerFresh@443118b0]" started-at="2021-11-26T19:28:31 EST" name="setUpClass" finished-at="2021-11-26T19:28:31 EST" duration-ms="325" status="PASS">
          <reporter-output>
          </reporter-output>
        </test-method> <!-- setUpClass -->
        <test-method signature="feature(cucumber.api.testng.CucumberFeatureWrapper)[pri:0, instance:com.fresh.TestRunner.TestRunnerFresh@443118b0]" started-at="2021-11-26T19:28:31 EST" name="feature" description="Runs Cucumber Feature" data-provider="features" finished-at="2021-11-26T19:28:36 EST" duration-ms="4856" status="PASS">
          <params>
            <param index="0">
              <value>
                <![CDATA[Landing in Home Page and Display]]>
              </value>
            </param>
          </params>
          <reporter-output>
          </reporter-output>
        </test-method> <!-- feature -->
        <test-method is-config="true" signature="tearDownClass()[pri:0, instance:com.fresh.TestRunner.TestRunnerFresh@443118b0]" started-at="2021-11-26T19:28:36 EST" name="tearDownClass" finished-at="2021-11-26T19:28:36 EST" duration-ms="12" status="PASS">
          <reporter-output>
          </reporter-output>
        </test-method> <!-- tearDownClass -->
        <test-method is-config="true" signature="CloseApplicationURL()[pri:0, instance:com.fresh.TestRunner.TestRunnerFresh@443118b0]" started-at="2021-11-26T19:28:36 EST" name="CloseApplicationURL" finished-at="2021-11-26T19:28:37 EST" duration-ms="904" status="PASS">
          <reporter-output>
          </reporter-output>
        </test-method> <!-- CloseApplicationURL -->
      </class> <!-- com.fresh.TestRunner.TestRunnerFresh -->
    </test> <!-- Surefire test -->
  </suite> <!-- Surefire suite -->
</testng-results>
