<?xml version="1.0" encoding="UTF-8"?>
<testng-results ignored="0" total="1" passed="1" failed="0" skipped="0">
  <reporter-output>
  </reporter-output>
  <suite started-at="2021-11-26T19:25:55 EST" name="Default suite" finished-at="2021-11-26T19:26:06 EST" duration-ms="10645">
    <groups>
      <group name="cucumber">
        <method signature="AbstractTestNGCucumberTests.feature(cucumber.api.testng.CucumberFeatureWrapper)[pri:0, instance:com.fresh.TestRunner.TestRunnerFresh@10959ece]" name="feature" class="cucumber.api.testng.AbstractTestNGCucumberTests"/>
      </group> <!-- cucumber -->
    </groups>
    <test started-at="2021-11-26T19:25:55 EST" name="Default test" finished-at="2021-11-26T19:26:06 EST" duration-ms="10645">
      <class name="com.fresh.TestRunner.TestRunnerFresh">
        <test-method is-config="true" signature="LaunchApplicationURL()[pri:0, instance:com.fresh.TestRunner.TestRunnerFresh@10959ece]" started-at="2021-11-26T19:25:55 EST" name="LaunchApplicationURL" finished-at="2021-11-26T19:25:59 EST" duration-ms="4071" status="PASS">
          <reporter-output>
          </reporter-output>
        </test-method> <!-- LaunchApplicationURL -->
        <test-method is-config="true" signature="setUpClass()[pri:0, instance:com.fresh.TestRunner.TestRunnerFresh@10959ece]" started-at="2021-11-26T19:25:59 EST" name="setUpClass" finished-at="2021-11-26T19:25:59 EST" duration-ms="285" status="PASS">
          <reporter-output>
          </reporter-output>
        </test-method> <!-- setUpClass -->
        <test-method signature="feature(cucumber.api.testng.CucumberFeatureWrapper)[pri:0, instance:com.fresh.TestRunner.TestRunnerFresh@10959ece]" started-at="2021-11-26T19:26:00 EST" name="feature" description="Runs Cucumber Feature" data-provider="features" finished-at="2021-11-26T19:26:05 EST" duration-ms="5054" status="PASS">
          <params>
            <param index="0">
              <value>
                <![CDATA[Landing in Home Page and Display]]>
              </value>
            </param>
          </params>
          <reporter-output>
          </reporter-output>
        </test-method> <!-- feature -->
        <test-method is-config="true" signature="tearDownClass()[pri:0, instance:com.fresh.TestRunner.TestRunnerFresh@10959ece]" started-at="2021-11-26T19:26:05 EST" name="tearDownClass" finished-at="2021-11-26T19:26:05 EST" duration-ms="27" status="PASS">
          <reporter-output>
          </reporter-output>
        </test-method> <!-- tearDownClass -->
        <test-method is-config="true" signature="CloseApplicationURL()[pri:0, instance:com.fresh.TestRunner.TestRunnerFresh@10959ece]" started-at="2021-11-26T19:26:05 EST" name="CloseApplicationURL" finished-at="2021-11-26T19:26:06 EST" duration-ms="1006" status="PASS">
          <reporter-output>
          </reporter-output>
        </test-method> <!-- CloseApplicationURL -->
      </class> <!-- com.fresh.TestRunner.TestRunnerFresh -->
    </test> <!-- Default test -->
  </suite> <!-- Default suite -->
</testng-results>
